Failure: Timeout waiting for GDRB_READY

=== STDOUT ===
Godot Engine v4.6.3.stable.official.7d41c59c4 - https://godotengine.org
Vulkan 1.4.312 - Forward+ - Using Device #0: NVIDIA - NVIDIA GeForce RTX 3060 Laptop GPU

GDRB_READY:{"input_mode":"synthetic","port":63029,"proto":"grb/1","tier_default":1,"token":"016d4cc2c667ccd727af7cf9eb781a283de77d7a8229c67d"}
[VN] Loading dialogue: res://data/dialogue/case_001_opening.json



=== STDERR ===
ERROR: Cannot get path of node as it is not in a scene tree.
   at: get_path (scene/main/node.cpp:2419)
   GDScript backtrace (most recent call first):
       [0] _cmd_press_button (res://godot-runtime-bridge/addons/godot-runtime-bridge/runtime_bridge/DebugServer.gd:693)
       [1] _execute (res://godot-runtime-bridge/addons/godot-runtime-bridge/runtime_bridge/DebugServer.gd:430)
       [2] _dispatch (res://godot-runtime-bridge/addons/godot-runtime-bridge/runtime_bridge/DebugServer.gd:391)
       [3] _process (res://godot-runtime-bridge/addons/godot-runtime-bridge/runtime_bridge/DebugServer.gd:347)
ERROR: JSON parse error in res://data/dialogue/case_001_opening.json: Unexpected character
   at: push_error (core/variant/variant_utility.cpp:1024)
   GDScript backtrace (most recent call first):
       [0] load_json (res://src/autoload/game_manager.gd:74)
       [1] start_dialogue (res://src/vn/vn_engine.gd:28)
       [2] _ready (res://src/vn/vn_engine.gd:24)
SCRIPT ERROR: Trying to assign value of type 'Nil' to a variable of type 'Dictionary'.
   at: start_dialogue (res://src/vn/vn_engine.gd:28)
   GDScript backtrace (most recent call first):
       [0] start_dialogue (res://src/vn/vn_engine.gd:28)
       [1] _ready (res://src/vn/vn_engine.gd:24)


