Failure: Godot exited (code null) before GDRB_READY

=== STDOUT ===
Godot Engine v4.6.3.stable.official.7d41c59c4 - https://godotengine.org
Vulkan 1.4.312 - Forward+ - Using Device #0: NVIDIA - NVIDIA GeForce RTX 3060 Laptop GPU

GDRB_READY:{"input_mode":"synthetic","port":61207,"proto":"grb/1","tier_default":1,"token":"9aade7f8b79d6e2cc27077c5c6f9aaf35d1666323813dd4e"}



=== STDERR ===
ERROR: Cannot get path of node as it is not in a scene tree.
   at: get_path (scene/main/node.cpp:2419)
   GDScript backtrace (most recent call first):
       [0] _cmd_press_button (res://godot-runtime-bridge/addons/godot-runtime-bridge/runtime_bridge/DebugServer.gd:693)
       [1] _execute (res://godot-runtime-bridge/addons/godot-runtime-bridge/runtime_bridge/DebugServer.gd:430)
       [2] _dispatch (res://godot-runtime-bridge/addons/godot-runtime-bridge/runtime_bridge/DebugServer.gd:391)
       [3] _process (res://godot-runtime-bridge/addons/godot-runtime-bridge/runtime_bridge/DebugServer.gd:347)
ERROR: Cannot get path of node as it is not in a scene tree.
   at: get_path (scene/main/node.cpp:2419)
   GDScript backtrace (most recent call first):
       [0] _cmd_press_button (res://godot-runtime-bridge/addons/godot-runtime-bridge/runtime_bridge/DebugServer.gd:693)
       [1] _execute (res://godot-runtime-bridge/addons/godot-runtime-bridge/runtime_bridge/DebugServer.gd:430)
       [2] _dispatch (res://godot-runtime-bridge/addons/godot-runtime-bridge/runtime_bridge/DebugServer.gd:391)
       [3] _process (res://godot-runtime-bridge/addons/godot-runtime-bridge/runtime_bridge/DebugServer.gd:347)


